[2019-09-05 18:57:10.557]-[INFO]-[org.sherlock.tool.util.RESTClient.exec(RESTClient.java:190)] Start HTTP request:
Http Request [url=http://gateway.t1.ums86.com/dubbo, method=POST, rawTxt=null, body={
    "service":"cn.flaginfo.comms.reply.api.SmsReplyService", 
    "group":null, 
    "version":null, 
    "method":"paginationSmsReplyList", 
    "params":[ 
        {
            "type":"cn.flaginfo.comms.reply.model.bo.PageReplyBO", 
            "value":{ 
                "taskId":"1000000000000000116",
                 "pageNumber":1,
                 "pageSize":10,
                 "phones":[]
            }
        }
    ]
}, date=2019-09-05 18:57:10.265, headers={Content-Type=application/json; charset=UTF-8, Accept=application/json,application/xml,application/xhtml+xml,text/html,text/xml,text/plain}, cookies={}]
[2019-09-05 18:57:10.814]-[INFO]-[org.sherlock.tool.util.RESTClient.exec(RESTClient.java:284)] Done HTTP request:
Http Response [rawTxt=== REQUEST  ==

POST http://gateway.t1.ums86.com/dubbo

-- HEADERS  --
Content-Type : application/json; charset=UTF-8
Accept : application/json,application/xml,application/xhtml+xml,text/html,text/xml,text/plain

--   BODY   --
{
    "service":"cn.flaginfo.comms.reply.api.SmsReplyService", 
    "group":null, 
    "version":null, 
    "method":"paginationSmsReplyList", 
    "params":[ 
        {
            "type":"cn.flaginfo.comms.reply.model.bo.PageReplyBO", 
            "value":{ 
                "taskId":"1000000000000000116",
                 "pageNumber":1,
                 "pageSize":10,
                 "phones":[]
            }
        }
    ]
}

== RESPONSE ==

HTTP/1.1 200 

-- HEADERS  --
Transfer-Encoding : chunked
access-control-allow-origin : *
Server : Flaginfo_Web
access-control-allow-headers : *
Connection : keep-alive
Date : Thu, 05 Sep 2019 10:57:10 GMT
access-control-allow-methods : *
Content-Type : application/json; charset=UTF-8

--   BODY   --
{"number":1,"numberOfElements":10,"last":false,"size":10,"totalPages":5,"pageable":{"paged":true,"pageNumber":1,"offset":10,"pageSize":10,"unpaged":false,"sort":{"unsorted":true,"sorted":false,"class":"org.springframework.data.domain.Sort","empty":true},"class":"org.springframework.data.domain.PageRequest"},"sort":{"unsorted":true,"sorted":false,"class":"org.springframework.data.domain.Sort","empty":true},"class":"org.springframework.data.domain.PageImpl","first":false,"content":[{"replyTime":"","submitResult":"0","reportDesc":"null","mdn":"18318944583","name":"","sendCount":"1","class":"cn.flaginfo.comms.reply.model.dto.SmsReplyResultDTO","taskId":"1000000000000000116","reportResult":"0","content":"【智慧通知】暑假亲子乐园2人同行：跟团游，元起，咨询退订回T。"},{"replyTime":"","submitResult":"0","reportDesc":"null","mdn":"17751771064","name":"","sendCount":"1","class":"cn.flaginfo.comms.reply.model.dto.SmsReplyResultDTO","taskId":"1000000000000000116","reportResult":"0","content":"【智慧通知】暑假亲子乐园2人同行：跟团游，元起，咨询退订回T。"},{"replyTime":"","submitResult":"0","reportDesc":"null","mdn":"18538526531","name":"","sendCount":"1","class":"cn.flaginfo.comms.reply.model.dto.SmsReplyResultDTO","taskId":"1000000000000000116","reportResult":"0","content":"【智慧通知】暑假亲子乐园2人同行：跟团游，元起，咨询退订回T。"},{"replyTime":"","submitResult":"0","reportDesc":"null","mdn":"18502148562","name":"","sendCount":"1","class":"cn.flaginfo.comms.reply.model.dto.SmsReplyResultDTO","taskId":"1000000000000000116","reportResult":"0","content":"【智慧通知】暑假亲子乐园2人同行：跟团游，元起，咨询退订回T。"},{"replyTime":"","submitResult":"0","reportDesc":"null","mdn":"13805144011","name":"","sendCount":"1","class":"cn.flaginfo.comms.reply.model.dto.SmsReplyResultDTO","taskId":"1000000000000000116","reportResult":"0","content":"【智慧通知】暑假亲子乐园2人同行：跟团游，元起，咨询退订回T。"},{"replyTime":"","submitResult":"0","reportDesc":"null","mdn":"13585108015","name":"","sendCount":"1","class":"cn.flaginfo.comms.reply.model.dto.SmsReplyResultDTO","taskId":"1000000000000000116","reportResult":"0","content":"【智慧通知】暑假亲子乐园2人同行：跟团游，元起，咨询退订回T。"},{"replyTime":"","submitResult":"0","reportDesc":"null","mdn":"13621831035","name":"","sendCount":"1","class":"cn.flaginfo.comms.reply.model.dto.SmsReplyResultDTO","taskId":"1000000000000000116","reportResult":"0","content":"【智慧通知】暑假亲子乐园2人同行：跟团游，元起，咨询退订回T。"},{"replyTime":"","submitResult":"0","reportDesc":"null","mdn":"18017242606","name":"","sendCount":"1","class":"cn.flaginfo.comms.reply.model.dto.SmsReplyResultDTO","taskId":"1000000000000000116","reportResult":"0","content":"【智慧通知】暑假亲子乐园2人同行：跟团游，元起，咨询退订回T。"},{"replyTime":"","submitResult":"0","reportDesc":"null","mdn":"13917781675","name":"","sendCount":"1","class":"cn.flaginfo.comms.reply.model.dto.SmsReplyResultDTO","taskId":"1000000000000000116","reportResult":"0","content":"【智慧通知】暑假亲子乐园2人同行：跟团游，元起，咨询退订回T。"},{"replyTime":"","submitResult":"0","reportDesc":"null","mdn":"18761424986","name":"","sendCount":"1","class":"cn.flaginfo.comms.reply.model.dto.SmsReplyResultDTO","taskId":"1000000000000000116","reportResult":"0","content":"【智慧通知】暑假亲子乐园2人同行：跟团游，元起，咨询退订回T。"}],"totalElements":42,"empty":false}
, body={"number":1,"numberOfElements":10,"last":false,"size":10,"totalPages":5,"pageable":{"paged":true,"pageNumber":1,"offset":10,"pageSize":10,"unpaged":false,"sort":{"unsorted":true,"sorted":false,"class":"org.springframework.data.domain.Sort","empty":true},"class":"org.springframework.data.domain.PageRequest"},"sort":{"unsorted":true,"sorted":false,"class":"org.springframework.data.domain.Sort","empty":true},"class":"org.springframework.data.domain.PageImpl","first":false,"content":[{"replyTime":"","submitResult":"0","reportDesc":"null","mdn":"18318944583","name":"","sendCount":"1","class":"cn.flaginfo.comms.reply.model.dto.SmsReplyResultDTO","taskId":"1000000000000000116","reportResult":"0","content":"【智慧通知】暑假亲子乐园2人同行：跟团游，元起，咨询退订回T。"},{"replyTime":"","submitResult":"0","reportDesc":"null","mdn":"17751771064","name":"","sendCount":"1","class":"cn.flaginfo.comms.reply.model.dto.SmsReplyResultDTO","taskId":"1000000000000000116","reportResult":"0","content":"【智慧通知】暑假亲子乐园2人同行：跟团游，元起，咨询退订回T。"},{"replyTime":"","submitResult":"0","reportDesc":"null","mdn":"18538526531","name":"","sendCount":"1","class":"cn.flaginfo.comms.reply.model.dto.SmsReplyResultDTO","taskId":"1000000000000000116","reportResult":"0","content":"【智慧通知】暑假亲子乐园2人同行：跟团游，元起，咨询退订回T。"},{"replyTime":"","submitResult":"0","reportDesc":"null","mdn":"18502148562","name":"","sendCount":"1","class":"cn.flaginfo.comms.reply.model.dto.SmsReplyResultDTO","taskId":"1000000000000000116","reportResult":"0","content":"【智慧通知】暑假亲子乐园2人同行：跟团游，元起，咨询退订回T。"},{"replyTime":"","submitResult":"0","reportDesc":"null","mdn":"13805144011","name":"","sendCount":"1","class":"cn.flaginfo.comms.reply.model.dto.SmsReplyResultDTO","taskId":"1000000000000000116","reportResult":"0","content":"【智慧通知】暑假亲子乐园2人同行：跟团游，元起，咨询退订回T。"},{"replyTime":"","submitResult":"0","reportDesc":"null","mdn":"13585108015","name":"","sendCount":"1","class":"cn.flaginfo.comms.reply.model.dto.SmsReplyResultDTO","taskId":"1000000000000000116","reportResult":"0","content":"【智慧通知】暑假亲子乐园2人同行：跟团游，元起，咨询退订回T。"},{"replyTime":"","submitResult":"0","reportDesc":"null","mdn":"13621831035","name":"","sendCount":"1","class":"cn.flaginfo.comms.reply.model.dto.SmsReplyResultDTO","taskId":"1000000000000000116","reportResult":"0","content":"【智慧通知】暑假亲子乐园2人同行：跟团游，元起，咨询退订回T。"},{"replyTime":"","submitResult":"0","reportDesc":"null","mdn":"18017242606","name":"","sendCount":"1","class":"cn.flaginfo.comms.reply.model.dto.SmsReplyResultDTO","taskId":"1000000000000000116","reportResult":"0","content":"【智慧通知】暑假亲子乐园2人同行：跟团游，元起，咨询退订回T。"},{"replyTime":"","submitResult":"0","reportDesc":"null","mdn":"13917781675","name":"","sendCount":"1","class":"cn.flaginfo.comms.reply.model.dto.SmsReplyResultDTO","taskId":"1000000000000000116","reportResult":"0","content":"【智慧通知】暑假亲子乐园2人同行：跟团游，元起，咨询退订回T。"},{"replyTime":"","submitResult":"0","reportDesc":"null","mdn":"18761424986","name":"","sendCount":"1","class":"cn.flaginfo.comms.reply.model.dto.SmsReplyResultDTO","taskId":"1000000000000000116","reportResult":"0","content":"【智慧通知】暑假亲子乐园2人同行：跟团游，元起，咨询退订回T。"}],"totalElements":42,"empty":false}, headers={Transfer-Encoding=chunked, access-control-allow-origin=*, Server=Flaginfo_Web, access-control-allow-headers=*, Connection=keep-alive, Date=Thu, 05 Sep 2019 10:57:10 GMT, access-control-allow-methods=*, Content-Type=application/json; charset=UTF-8}, cookies=null, date=2019-09-05 18:57:10.573, time=252, status=HTTP/1.1 200 , statusCode=200]
[2019-09-06 10:13:44.372]-[ERROR]-[org.sherlock.tool.RESTMain.load(RESTMain.java:76)] Failed to load file.
java.lang.ArrayIndexOutOfBoundsException: 4 >= 4
	at java.util.Vector.elementAt(Vector.java:496) ~[?:?]
	at javax.swing.table.DefaultTableColumnModel.getColumn(DefaultTableColumnModel.java:295) ~[?:?]
	at org.sherlock.tool.gui.util.UIUtil.setHistTabWidth(UIUtil.java:393) ~[classes/:?]
	at org.sherlock.tool.gui.hist.HistView.init(HistView.java:186) ~[classes/:?]
	at org.sherlock.tool.gui.hist.HistView.<init>(HistView.java:143) ~[classes/:?]
	at org.sherlock.tool.gui.RESTView.init(RESTView.java:101) ~[classes/:?]
	at org.sherlock.tool.gui.RESTView.<init>(RESTView.java:54) ~[classes/:?]
	at org.sherlock.tool.gui.RESTView.getView(RESTView.java:61) ~[classes/:?]
	at org.sherlock.tool.gui.util.UIUtil.setRESTView(UIUtil.java:258) ~[classes/:?]
	at org.sherlock.tool.RESTMain.load(RESTMain.java:72) ~[classes/:?]
	at org.sherlock.tool.thread.LoadThd.run(LoadThd.java:46) ~[classes/:?]
	at java.awt.event.InvocationEvent.dispatch(InvocationEvent.java:313) ~[?:?]
	at java.awt.EventQueue.dispatchEventImpl(EventQueue.java:770) ~[?:?]
	at java.awt.EventQueue$4.run(EventQueue.java:721) ~[?:?]
	at java.awt.EventQueue$4.run(EventQueue.java:715) ~[?:?]
	at java.security.AccessController.doPrivileged(AccessController.java:389) [?:?]
	at java.security.ProtectionDomain$JavaSecurityAccessImpl.doIntersectionPrivilege(ProtectionDomain.java:85) [?:?]
	at java.awt.EventQueue.dispatchEvent(EventQueue.java:740) [?:?]
	at java.awt.EventDispatchThread.pumpOneEventForFilters(EventDispatchThread.java:203) [?:?]
	at java.awt.EventDispatchThread.pumpEventsForFilter(EventDispatchThread.java:124) [?:?]
	at java.awt.EventDispatchThread.pumpEventsForHierarchy(EventDispatchThread.java:113) [?:?]
	at java.awt.EventDispatchThread.pumpEvents(EventDispatchThread.java:109) [?:?]
	at java.awt.EventDispatchThread.pumpEvents(EventDispatchThread.java:101) [?:?]
	at java.awt.EventDispatchThread.run(EventDispatchThread.java:90) [?:?]
[2019-09-08 13:59:37.437]-[INFO]-[org.sherlock.tool.util.RESTClient.exec(RESTClient.java:190)] Start HTTP request: 
Http Request [url=http://gateway.t1.ums86.com/dubbo, method=POST, rawTxt=null, body={
    "service":"cn.flaginfo.comms.reply.api.SmsReplyService", 
    "group":null, 
    "version":null, 
    "method":"paginationSmsReplyList", 
    "params":[ 
        {
            "type":"cn.flaginfo.comms.reply.model.bo.PageReplyBO", 
            "value":{ 
                "taskId":"1000000000000000116",
                 "pageNumber":1,
                 "pageSize":10,
                 "phones":[]
            }
        }
    ]
}, date=2019-09-08 13:59:36.573, headers={Accept=application/json,application/xml,application/xhtml+xml,text/html,text/xml,text/plain, Content-Type=application/json; charset=UTF-8}, cookies={}]
[2019-09-08 13:59:37.778]-[INFO]-[org.sherlock.tool.util.RESTClient.exec(RESTClient.java:284)] Done HTTP request: 
Http Response [rawTxt=== REQUEST  ==

POST http://gateway.t1.ums86.com/dubbo

-- HEADERS  --
Accept : application/json,application/xml,application/xhtml+xml,text/html,text/xml,text/plain
Content-Type : application/json; charset=UTF-8

--   BODY   --
{
    "service":"cn.flaginfo.comms.reply.api.SmsReplyService", 
    "group":null, 
    "version":null, 
    "method":"paginationSmsReplyList", 
    "params":[ 
        {
            "type":"cn.flaginfo.comms.reply.model.bo.PageReplyBO", 
            "value":{ 
                "taskId":"1000000000000000116",
                 "pageNumber":1,
                 "pageSize":10,
                 "phones":[]
            }
        }
    ]
}

== RESPONSE ==

HTTP/1.1 200 

-- HEADERS  --
Transfer-Encoding : chunked
access-control-allow-origin : *
Server : Flaginfo_Web
access-control-allow-headers : *
Connection : keep-alive
Date : Sun, 08 Sep 2019 05:59:37 GMT
access-control-allow-methods : *
Content-Type : application/json; charset=UTF-8

--   BODY   --
{"code":0,"data":{"pager":{"pageCount":5,"pageNumber":1,"last":false,"recordCount":42,"start":0,"pageSize":10,"class":"cn.flaginfo.comms.common.page.Pager","first":true},"list":[{"replyTime":"","submitResult":"0","reportDesc":"null","mdn":"18318944583","name":"","sendCount":"1","class":"cn.flaginfo.comms.reply.model.dto.SmsReplyResultDTO","taskId":"1000000000000000116","reportResult":"0","content":"【智慧通知】暑假亲子乐园2人同行：跟团游，元起，咨询退订回T。"},{"replyTime":"","submitResult":"0","reportDesc":"null","mdn":"17751771064","name":"","sendCount":"1","class":"cn.flaginfo.comms.reply.model.dto.SmsReplyResultDTO","taskId":"1000000000000000116","reportResult":"0","content":"【智慧通知】暑假亲子乐园2人同行：跟团游，元起，咨询退订回T。"},{"replyTime":"","submitResult":"0","reportDesc":"null","mdn":"18538526531","name":"","sendCount":"1","class":"cn.flaginfo.comms.reply.model.dto.SmsReplyResultDTO","taskId":"1000000000000000116","reportResult":"0","content":"【智慧通知】暑假亲子乐园2人同行：跟团游，元起，咨询退订回T。"},{"replyTime":"","submitResult":"0","reportDesc":"null","mdn":"18502148562","name":"","sendCount":"1","class":"cn.flaginfo.comms.reply.model.dto.SmsReplyResultDTO","taskId":"1000000000000000116","reportResult":"0","content":"【智慧通知】暑假亲子乐园2人同行：跟团游，元起，咨询退订回T。"},{"replyTime":"","submitResult":"0","reportDesc":"null","mdn":"13805144011","name":"","sendCount":"1","class":"cn.flaginfo.comms.reply.model.dto.SmsReplyResultDTO","taskId":"1000000000000000116","reportResult":"0","content":"【智慧通知】暑假亲子乐园2人同行：跟团游，元起，咨询退订回T。"},{"replyTime":"","submitResult":"0","reportDesc":"null","mdn":"13585108015","name":"","sendCount":"1","class":"cn.flaginfo.comms.reply.model.dto.SmsReplyResultDTO","taskId":"1000000000000000116","reportResult":"0","content":"【智慧通知】暑假亲子乐园2人同行：跟团游，元起，咨询退订回T。"},{"replyTime":"","submitResult":"0","reportDesc":"null","mdn":"13621831035","name":"","sendCount":"1","class":"cn.flaginfo.comms.reply.model.dto.SmsReplyResultDTO","taskId":"1000000000000000116","reportResult":"0","content":"【智慧通知】暑假亲子乐园2人同行：跟团游，元起，咨询退订回T。"},{"replyTime":"","submitResult":"0","reportDesc":"null","mdn":"18017242606","name":"","sendCount":"1","class":"cn.flaginfo.comms.reply.model.dto.SmsReplyResultDTO","taskId":"1000000000000000116","reportResult":"0","content":"【智慧通知】暑假亲子乐园2人同行：跟团游，元起，咨询退订回T。"},{"replyTime":"","submitResult":"0","reportDesc":"null","mdn":"13917781675","name":"","sendCount":"1","class":"cn.flaginfo.comms.reply.model.dto.SmsReplyResultDTO","taskId":"1000000000000000116","reportResult":"0","content":"【智慧通知】暑假亲子乐园2人同行：跟团游，元起，咨询退订回T。"},{"replyTime":"","submitResult":"0","reportDesc":"null","mdn":"18761424986","name":"","sendCount":"1","class":"cn.flaginfo.comms.reply.model.dto.SmsReplyResultDTO","taskId":"1000000000000000116","reportResult":"0","content":"【智慧通知】暑假亲子乐园2人同行：跟团游，元起，咨询退订回T。"}],"class":"cn.flaginfo.comms.common.page.QueryResult"},"message":"OK","class":"cn.flaginfo.comms.common.support.CommonResponse"}
, body={"code":0,"data":{"pager":{"pageCount":5,"pageNumber":1,"last":false,"recordCount":42,"start":0,"pageSize":10,"class":"cn.flaginfo.comms.common.page.Pager","first":true},"list":[{"replyTime":"","submitResult":"0","reportDesc":"null","mdn":"18318944583","name":"","sendCount":"1","class":"cn.flaginfo.comms.reply.model.dto.SmsReplyResultDTO","taskId":"1000000000000000116","reportResult":"0","content":"【智慧通知】暑假亲子乐园2人同行：跟团游，元起，咨询退订回T。"},{"replyTime":"","submitResult":"0","reportDesc":"null","mdn":"17751771064","name":"","sendCount":"1","class":"cn.flaginfo.comms.reply.model.dto.SmsReplyResultDTO","taskId":"1000000000000000116","reportResult":"0","content":"【智慧通知】暑假亲子乐园2人同行：跟团游，元起，咨询退订回T。"},{"replyTime":"","submitResult":"0","reportDesc":"null","mdn":"18538526531","name":"","sendCount":"1","class":"cn.flaginfo.comms.reply.model.dto.SmsReplyResultDTO","taskId":"1000000000000000116","reportResult":"0","content":"【智慧通知】暑假亲子乐园2人同行：跟团游，元起，咨询退订回T。"},{"replyTime":"","submitResult":"0","reportDesc":"null","mdn":"18502148562","name":"","sendCount":"1","class":"cn.flaginfo.comms.reply.model.dto.SmsReplyResultDTO","taskId":"1000000000000000116","reportResult":"0","content":"【智慧通知】暑假亲子乐园2人同行：跟团游，元起，咨询退订回T。"},{"replyTime":"","submitResult":"0","reportDesc":"null","mdn":"13805144011","name":"","sendCount":"1","class":"cn.flaginfo.comms.reply.model.dto.SmsReplyResultDTO","taskId":"1000000000000000116","reportResult":"0","content":"【智慧通知】暑假亲子乐园2人同行：跟团游，元起，咨询退订回T。"},{"replyTime":"","submitResult":"0","reportDesc":"null","mdn":"13585108015","name":"","sendCount":"1","class":"cn.flaginfo.comms.reply.model.dto.SmsReplyResultDTO","taskId":"1000000000000000116","reportResult":"0","content":"【智慧通知】暑假亲子乐园2人同行：跟团游，元起，咨询退订回T。"},{"replyTime":"","submitResult":"0","reportDesc":"null","mdn":"13621831035","name":"","sendCount":"1","class":"cn.flaginfo.comms.reply.model.dto.SmsReplyResultDTO","taskId":"1000000000000000116","reportResult":"0","content":"【智慧通知】暑假亲子乐园2人同行：跟团游，元起，咨询退订回T。"},{"replyTime":"","submitResult":"0","reportDesc":"null","mdn":"18017242606","name":"","sendCount":"1","class":"cn.flaginfo.comms.reply.model.dto.SmsReplyResultDTO","taskId":"1000000000000000116","reportResult":"0","content":"【智慧通知】暑假亲子乐园2人同行：跟团游，元起，咨询退订回T。"},{"replyTime":"","submitResult":"0","reportDesc":"null","mdn":"13917781675","name":"","sendCount":"1","class":"cn.flaginfo.comms.reply.model.dto.SmsReplyResultDTO","taskId":"1000000000000000116","reportResult":"0","content":"【智慧通知】暑假亲子乐园2人同行：跟团游，元起，咨询退订回T。"},{"replyTime":"","submitResult":"0","reportDesc":"null","mdn":"18761424986","name":"","sendCount":"1","class":"cn.flaginfo.comms.reply.model.dto.SmsReplyResultDTO","taskId":"1000000000000000116","reportResult":"0","content":"【智慧通知】暑假亲子乐园2人同行：跟团游，元起，咨询退订回T。"}],"class":"cn.flaginfo.comms.common.page.QueryResult"},"message":"OK","class":"cn.flaginfo.comms.common.support.CommonResponse"}, headers={Transfer-Encoding=chunked, access-control-allow-origin=*, Server=Flaginfo_Web, access-control-allow-headers=*, Connection=keep-alive, Date=Sun, 08 Sep 2019 05:59:37 GMT, access-control-allow-methods=*, Content-Type=application/json; charset=UTF-8}, cookies=null, date=2019-09-08 13:59:37.449, time=336, status=HTTP/1.1 200 , statusCode=200]
